0 info it worked if it ends with ok
1 verbose cli [ '/Users/benkitzelman/.nvm/versions/node/v5.10.0/bin/node',
1 verbose cli   '/Users/benkitzelman/.nvm/versions/node/v5.10.0/bin/npm',
1 verbose cli   'publish' ]
2 info using npm@3.8.3
3 info using node@v5.10.0
4 verbose publish [ '.' ]
5 silly cache add args [ '.', null ]
6 verbose cache add spec .
7 silly cache add parsed spec Result {
7 silly cache add   raw: '.',
7 silly cache add   scope: null,
7 silly cache add   name: null,
7 silly cache add   rawSpec: '.',
7 silly cache add   spec: '/Users/benkitzelman/dev/projects/generator-toolkit',
7 silly cache add   type: 'directory' }
8 verbose addLocalDirectory /Users/benkitzelman/.npm/generator-toolkit/0.0.2/package.tgz not in flight; packing
9 verbose correctMkdir /Users/benkitzelman/.npm correctMkdir not in flight; initializing
10 info lifecycle generator-toolkit@0.0.2~prepublish: generator-toolkit@0.0.2
11 silly lifecycle generator-toolkit@0.0.2~prepublish: no script for prepublish, continuing
12 verbose tar pack [ '/Users/benkitzelman/.npm/generator-toolkit/0.0.2/package.tgz',
12 verbose tar pack   '/Users/benkitzelman/dev/projects/generator-toolkit' ]
13 verbose tarball /Users/benkitzelman/.npm/generator-toolkit/0.0.2/package.tgz
14 verbose folder /Users/benkitzelman/dev/projects/generator-toolkit
15 verbose addLocalTarball adding from inside cache /Users/benkitzelman/.npm/generator-toolkit/0.0.2/package.tgz
16 verbose correctMkdir /Users/benkitzelman/.npm correctMkdir not in flight; initializing
17 silly cache afterAdd generator-toolkit@0.0.2
18 verbose afterAdd /Users/benkitzelman/.npm/generator-toolkit/0.0.2/package/package.json not in flight; writing
19 verbose correctMkdir /Users/benkitzelman/.npm correctMkdir not in flight; initializing
20 verbose afterAdd /Users/benkitzelman/.npm/generator-toolkit/0.0.2/package/package.json written
21 silly publish { name: 'generator-toolkit',
21 silly publish   version: '0.0.2',
21 silly publish   description: 'A collection of utilities for using generators to handle async operations',
21 silly publish   main: 'index.js',
21 silly publish   dependencies: { co: '^4.6.0', lodash: '^4.15.0' },
21 silly publish   devDependencies:
21 silly publish    { 'co-mocha': '^1.1.3',
21 silly publish      mocha: '^3.0.2',
21 silly publish      should: '^11.1.0',
21 silly publish      sinon: '^1.17.5' },
21 silly publish   scripts: { test: 'mocha test' },
21 silly publish   repository:
21 silly publish    { type: 'git',
21 silly publish      url: 'git+https://github.com/benkitzelman/generator-toolkit.git' },
21 silly publish   author: { name: '@benkitzelman' },
21 silly publish   license: 'ISC',
21 silly publish   bugs: { url: 'https://github.com/benkitzelman/generator-toolkit/issues' },
21 silly publish   homepage: 'https://github.com/benkitzelman/generator-toolkit#readme',
21 silly publish   readme: '# Generator Toolkit\n\n[![Build Status](https://travis-ci.org/benkitzelman/generator-toolkit.png)](https://travis-ci.org/benkitzelman/generator-toolkit)\nA collection of utilities to allow generators to be called as Promises or Thunks, and to adapt Thunks and Promises to generators.\n\n\n## Usage\n```\n$ npm install generator-toolkit --save\n\n```\n\n### asyncFunction\nAllow a generator to be called as a Thunk or Promise\n\n```\nvar g = require(\'generator-toolkit\');\n\nvar myAsyncFn = g.asyncFunction( function*() {\n  return yield { val: \'some value\' }; // yield to a generator / promise / object\n});\n\nmyAsyncFn( function(err, result) {\n  // result == { val: \'some value\' }\n});\n\nmyAsyncFn()\n  .then(\n    function(result) { // result == { val: \'some value\' } },\n    function(err)    { ... }\n  );\n\n```\n\n### asyncFunctionB\nAllow a generator to be called as a Thunk or Promise bound to the given context\n\n```\nvar g = require(\'generator-toolkit\');\n\nvar MyObj = function() {\n  this.value  = { val: \'some value\'};\n  this.testFn = g.asyncFunctionB(this, \'testFn\');\n}\n\nMyObj.prototype.testFn = function*() {\n  return yield value; // yield to a generator / promise / object\n}\n\nvar subject = new MyObj\n\n\nsubject.testFn( function(err, result) {\n  //result == this.value\n});\n\nsubject.testFn()\n  .then(\n    function(result) { //result == this.value },\n    function(err)    { ... }\n  )\n\n```\n\n### yieldify\nConverts Thunks to Generators\n\n*Example:*\n\n```\nvar g = require(\'generator-toolkit\');\n\nvar thunk = function(cb) { cb( null, \'some result\' ) };\nvar result = yield g.yieldify( thunk )() //== \'some result\'\n```\n\n### yieldifyb\nConverts Thunks to Generators bound to the given context\n\n*Example:*\n\n```\nvar g = require(\'generator-toolkit\');\n\nvar example = Object.create({ \n  value : \'some value\',\n  thunk : function(cb) { cb( null, this.value ) }\n});\n\nvar result = yield g.yieldifyb( example, \'thunk\' )() //== \'some value\'\n```\n\n### yieldableEndpoint\nAllows writing of express endpoints as generators. If `errorHandler` is not specified, next is called (allows error handling middleware)\n\n*Example:*\n\n```\nvar g = require(\'generator-toolkit\');\n\nvar errorHandler = function(req, res, next) { res.send(500, \'some error\') }; // optional\n\napp.get(\'/\', g.yieldableEndpoint( function*(req, res, next) {\n  result = yield someAsyncFunction();\n  res.send( result );\n}, errorHandler ));\n```\n',
21 silly publish   readmeFilename: 'README.md',
21 silly publish   gitHead: '8dcaf2b7e4acc07fd5478e01819a8e1892d3a3d4',
21 silly publish   _id: 'generator-toolkit@0.0.2',
21 silly publish   _shasum: 'c4dbf9da95656abb883b726738d7f5b4f8171273',
21 silly publish   _from: '.' }
22 verbose getPublishConfig undefined
23 silly mapToRegistry name generator-toolkit
24 silly mapToRegistry using default registry
25 silly mapToRegistry registry https://registry.npmjs.org/
26 silly mapToRegistry data Result {
26 silly mapToRegistry   raw: 'generator-toolkit',
26 silly mapToRegistry   scope: null,
26 silly mapToRegistry   name: 'generator-toolkit',
26 silly mapToRegistry   rawSpec: '',
26 silly mapToRegistry   spec: 'latest',
26 silly mapToRegistry   type: 'tag' }
27 silly mapToRegistry uri https://registry.npmjs.org/generator-toolkit
28 verbose publish registryBase https://registry.npmjs.org/
29 silly publish uploading /Users/benkitzelman/.npm/generator-toolkit/0.0.2/package.tgz
30 verbose request uri https://registry.npmjs.org/generator-toolkit
31 verbose request sending authorization for write operation
32 info attempt registry request try #1 at 1:41:27 PM
33 verbose request using bearer token for auth
34 verbose request id 27c1576c9dce24bc
35 http request PUT https://registry.npmjs.org/generator-toolkit
36 http 403 https://registry.npmjs.org/generator-toolkit
37 verbose headers { 'content-type': 'application/json',
37 verbose headers   'cache-control': 'max-age=300',
37 verbose headers   'content-length': '95',
37 verbose headers   'accept-ranges': 'bytes',
37 verbose headers   date: 'Sat, 27 Aug 2016 03:41:28 GMT',
37 verbose headers   via: '1.1 varnish',
37 verbose headers   connection: 'keep-alive',
37 verbose headers   'x-served-by': 'cache-bne7722-BNE',
37 verbose headers   'x-cache': 'MISS',
37 verbose headers   'x-cache-hits': '0',
37 verbose headers   'x-timer': 'S1472269287.436154,VS0,VE838',
37 verbose headers   vary: 'Accept-Encoding' }
38 verbose request invalidating /Users/benkitzelman/.npm/registry.npmjs.org/generator-toolkit on PUT
39 error publish Failed PUT 403
40 verbose stack Error: "You cannot publish over the previously published version 0.0.2." : generator-toolkit
40 verbose stack     at makeError (/Users/benkitzelman/.nvm/versions/node/v5.10.0/lib/node_modules/npm/node_modules/npm-registry-client/lib/request.js:264:12)
40 verbose stack     at CachingRegistryClient.<anonymous> (/Users/benkitzelman/.nvm/versions/node/v5.10.0/lib/node_modules/npm/node_modules/npm-registry-client/lib/request.js:252:14)
40 verbose stack     at Request._callback (/Users/benkitzelman/.nvm/versions/node/v5.10.0/lib/node_modules/npm/node_modules/npm-registry-client/lib/request.js:172:14)
40 verbose stack     at Request.self.callback (/Users/benkitzelman/.nvm/versions/node/v5.10.0/lib/node_modules/npm/node_modules/request/request.js:199:22)
40 verbose stack     at emitTwo (events.js:100:13)
40 verbose stack     at Request.emit (events.js:185:7)
40 verbose stack     at Request.<anonymous> (/Users/benkitzelman/.nvm/versions/node/v5.10.0/lib/node_modules/npm/node_modules/request/request.js:1036:10)
40 verbose stack     at emitOne (events.js:95:20)
40 verbose stack     at Request.emit (events.js:182:7)
40 verbose stack     at IncomingMessage.<anonymous> (/Users/benkitzelman/.nvm/versions/node/v5.10.0/lib/node_modules/npm/node_modules/request/request.js:963:12)
41 verbose statusCode 403
42 verbose pkgid generator-toolkit
43 verbose cwd /Users/benkitzelman/dev/projects/generator-toolkit
44 error Darwin 15.4.0
45 error argv "/Users/benkitzelman/.nvm/versions/node/v5.10.0/bin/node" "/Users/benkitzelman/.nvm/versions/node/v5.10.0/bin/npm" "publish"
46 error node v5.10.0
47 error npm  v3.8.3
48 error code E403
49 error "You cannot publish over the previously published version 0.0.2." : generator-toolkit
50 error If you need help, you may report this error at:
50 error     <https://github.com/npm/npm/issues>
51 verbose exit [ 1, true ]
